#
# A fatal error has been detected by the Java Runtime Environment:
#
#  SIGSEGV (0xb) at pc=0x000000011dcc85dd, pid=47957, tid=775
#
# JRE version: Java(TM) SE Runtime Environment (8.0_51-b16) (build 1.8.0_51-b16)
# Java VM: Java HotSpot(TM) 64-Bit Server VM (25.51-b03 mixed mode bsd-amd64 compressed oops)
# Problematic frame:
# C  [libglass.dylib+0x155dd]  GlassScreenDidChangeScreenParameters+0x9d
#
# Failed to write core dump. Core dumps have been disabled. To enable core dumping, try "ulimit -c unlimited" before starting Java again
#
# If you would like to submit a bug report, please visit:
#   http://bugreport.java.com/bugreport/crash.jsp
#

---------------  T H R E A D  ---------------

Current thread is native thread

siginfo: si_signo: 11 (SIGSEGV), si_code: 1 (SEGV_MAPERR), si_addr: 0x0000000000000000

Registers:
RAX=0x000000011dcfabc0, RBX=0x0000000000000000, RCX=0x0000000000000103, RDX=0x00007fcb79d32c08
RSP=0x00007fff5bb8acc0, RBP=0x00007fff5bb8acd0, RSI=0x00007fcb74f05ee8, RDI=0x0000000000000000
R8 =0x0000000000000040, R9 =0x00007fff9e9b1040, R10=0xffffffffffffffff, R11=0x0000000000012068
R12=0x0000000000000000, R13=0x00007fcb74e51630, R14=0x00007fcb7756a500, R15=0x0000000000000000
RIP=0x000000011dcc85dd, EFLAGS=0x0000000000010202, ERR=0x0000000000000004
  TRAPNO=0x000000000000000e

Top of Stack: (sp=0x00007fff5bb8acc0)
0x00007fff5bb8acc0:   00007fcb74e51240 00007fcb7756a500
0x00007fff5bb8acd0:   00007fff5bb8ace0 00007fff8034e45c
0x00007fff5bb8ace0:   00007fff5bb8ad50 00007fff8034e35b
0x00007fff5bb8acf0:   000000010408d000 00007fff9e9ac060
0x00007fff5bb8ad00:   00000000c2000000 00007fff8034e3b0
0x00007fff5bb8ad10:   00007fff9b22b680 00007fcb74e51630
0x00007fff5bb8ad20:   00007fcb7756a500 00007fff5bb8b518
0x00007fff5bb8ad30:   00007fff951c7040 00007fff5bb8ae20
0x00007fff5bb8ad40:   00007fcb74e51630 00007fff7ea5105a
0x00007fff5bb8ad50:   00007fff5bb8ad90 00007fff8034e0c2
0x00007fff5bb8ad60:   00007fff5bb8b360 0000000000000000
0x00007fff5bb8ad70:   00007fff951c7040 00007fff5bb8ae20
0x00007fff5bb8ad80:   00007fff5bb8b518 00007fff7ea5105a
0x00007fff5bb8ad90:   00007fff5bb8b4b0 00007fff8030b523
0x00007fff5bb8ada0:   00007fff5bb8adc0 00007fff802cd870
0x00007fff5bb8adb0:   00007fcb74d6b970 00007fff5bb8b400
0x00007fff5bb8adc0:   00007fcb74f0de40 00007fff9b22ccb0
0x00007fff5bb8add0:   0000000000000000 00007fcb76910048
0x00007fff5bb8ade0:   00007fcb74f0de01 00007fcb74d551b0
0x00007fff5bb8adf0:   00007fff9b35f0e0 0000000000000000
0x00007fff5bb8ae00:   00007fcb74e51670 0000000000000000
0x00007fff5bb8ae10:   0000000000000000 00007fff9b26b900
0x00007fff5bb8ae20:   00007fff5bb8b360 0000000000000001
0x00007fff5bb8ae30:   0000000000000100 00007fff5bb8ae00
0x00007fff5bb8ae40:   00007fff5bb8b260 0000000000000000
0x00007fff5bb8ae50:   0000000000000100 00007fff9b26ce00
0x00007fff5bb8ae60:   00007fff5bb8b400 0000000000000001
0x00007fff5bb8ae70:   00007fff5bb8aeb0 00007fff803061cc
0x00007fff5bb8ae80:   000000000000000d 00007fcb74d6b970
0x00007fff5bb8ae90:   00007fcb74d6b970 00007fff9b26ce80
0x00007fff5bb8aea0:   00007fcb74e00130 0000000000000001
0x00007fff5bb8aeb0:   00007fff5bb8b530 00007fff80305ce9 

Instructions: (pc=0x000000011dcc85dd)
0x000000011dcc85bd:   89 df 4c 89 f1 41 ff 90 68 04 00 00 48 8d 05 f8
0x000000011dcc85cd:   24 03 00 48 8b 30 48 8d 05 e6 25 03 00 48 8b 10
0x000000011dcc85dd:   48 8b 0b 30 c0 48 89 df ff 91 68 04 00 00 48 8b
0x000000011dcc85ed:   03 48 89 df ff 50 78 48 85 c0 74 36 49 89 c6 48 

Register to memory mapping:

RAX=0x000000011dcfabc0: jScreenNotifySettingsChanged+0 in /Library/Java/JavaVirtualMachines/jdk1.8.0_51.jdk/Contents/Home/jre/lib/libglass.dylib at 0x000000011dcb3000
RBX=0x0000000000000000 is an unknown value
RCX=0x0000000000000103 is an unknown value
RDX=0x00007fcb79d32c08 is an unknown value
RSP=0x00007fff5bb8acc0 is an unknown value
RBP=0x00007fff5bb8acd0 is an unknown value
RSI=0x00007fcb74f05ee8 is a global jni handle
RDI=0x0000000000000000 is an unknown value
R8 =0x0000000000000040 is an unknown value
R9 =0x00007fff9e9b1040: __sFX+0x1c0 in /usr/lib/system/libsystem_c.dylib at 0x00007fff95aef000
R10=0xffffffffffffffff is an unknown value
R11=0x0000000000012068 is an unknown value
R12=0x0000000000000000 is an unknown value
R13=0x00007fcb74e51630 is an unknown value
R14=0x00007fcb7756a500 is an unknown value
R15=0x0000000000000000 is an unknown value


Stack: [0x00007fff5b38f000,0x00007fff5bb8f000],  sp=0x00007fff5bb8acc0,  free space=8175k
Native frames: (J=compiled Java code, j=interpreted, Vv=VM code, C=native code)
C  [libglass.dylib+0x155dd]  GlassScreenDidChangeScreenParameters+0x9d
C  [CoreFoundation+0x9d45c]  __CFNOTIFICATIONCENTER_IS_CALLING_OUT_TO_AN_OBSERVER__+0xc
C  [CoreFoundation+0x9d35b]  _CFXRegistrationPost+0x1ab
C  [CoreFoundation+0x9d0c2]  ___CFXNotificationPost_block_invoke+0x32
C  [CoreFoundation+0x5a523]  -[_CFXNotificationRegistrar find:object:observer:enumerator:]+0x723
C  [CoreFoundation+0x5955c]  _CFXNotificationPost+0x25c
C  [Foundation+0x6907]  -[NSNotificationCenter postNotificationName:object:userInfo:]+0x42
C  [AppKit+0x3f0ba2]  -[NSApplication _reactToScreenInvalidationImmediately:]+0x18f
C  [AppKit+0x3f09df]  __44-[NSApplication _reactToScreenInvalidation:]_block_invoke+0x3b
C  [CoreFoundation+0xa717c]  __CFRUNLOOP_IS_CALLING_OUT_TO_A_BLOCK__+0xc
C  [CoreFoundation+0x87f84]  __CFRunLoopDoBlocks+0x164
C  [CoreFoundation+0x87ac6]  __CFRunLoopRun+0x756
C  [CoreFoundation+0x87114]  CFRunLoopRunSpecific+0x1a4
C  [java+0x6463]  CreateExecutionEnvironment+0x367
C  [java+0x21ac]  JLI_Launch+0x7a0
C  [java+0x84c0]  main+0x65
C  [java+0x1a04]  start+0x34


---------------  P R O C E S S  ---------------

VM state:not at safepoint (normal execution)

VM Mutex/Monitor currently owned by a thread: None

Heap:
 PSYoungGen      total 66048K, used 25807K [0x0000000795580000, 0x000000079e180000, 0x00000007c0000000)
  eden space 41472K, 2% used [0x0000000795580000,0x00000007956b4f50,0x0000000797e00000)
  from space 24576K, 99% used [0x0000000797e00000,0x00000007995fece0,0x0000000799600000)
  to   space 36864K, 0% used [0x000000079bd80000,0x000000079bd80000,0x000000079e180000)
 ParOldGen       total 104448K, used 82817K [0x0000000740000000, 0x0000000746600000, 0x0000000795580000)
  object space 104448K, 79% used [0x0000000740000000,0x00000007450e07e0,0x0000000746600000)
 Metaspace       used 24581K, capacity 25705K, committed 25856K, reserved 1071104K
  class space    used 3298K, capacity 3534K, committed 3584K, reserved 1048576K

Card table byte_map: [0x0000000105dc0000,0x00000001061c1000] byte_map_base: 0x00000001023c0000

Marking Bits: (ParMarkBitMap*) 0x00000001049b07a0
 Begin Bits: [0x000000010646c000, 0x000000010846c000)
 End Bits:   [0x000000010846c000, 0x000000010a46c000)

Polling page: 0x000000010509a000

CodeCache: size=245760Kb used=9271Kb max_used=9271Kb free=236488Kb
 bounds [0x000000010b3f0000, 0x000000010bd10000, 0x000000011a3f0000]
 total_blobs=3756 nmethods=3023 adapters=644
 compilation: enabled

Compilation events (10 events):
Event: 61.157 Thread 0x00007fcb75830800 3227       3       com.sun.javafx.geom.Rectangle::setBounds (67 bytes)
Event: 61.158 Thread 0x00007fcb75830800 nmethod 3227 0x000000010b6bc590 code [0x000000010b6bc860, 0x000000010b6bd198]
Event: 61.944 Thread 0x00007fcb75830800 3228       1       java.util.HashMap::afterNodeRemoval (1 bytes)
Event: 61.944 Thread 0x00007fcb75830800 nmethod 3228 0x000000010b5a8450 code [0x000000010b5a85a0, 0x000000010b5a86b0]
Event: 61.958 Thread 0x00007fcb75830800 3230       3       jdk.internal.org.objectweb.asm.ClassWriter::visitField (16 bytes)
Event: 61.958 Thread 0x00007fcb75830800 nmethod 3230 0x000000010b6baa10 code [0x000000010b6bab80, 0x000000010b6bada8]
Event: 61.958 Thread 0x00007fcb75830800 3229       1       java.lang.invoke.DirectMethodHandle$Special::isInvokeSpecial (2 bytes)
Event: 61.958 Thread 0x00007fcb75830800 nmethod 3229 0x000000010b6ba6d0 code [0x000000010b6ba820, 0x000000010b6ba930]
Event: 61.970 Thread 0x00007fcb75830800 3231       3       java.lang.reflect.Constructor::setConstructorAccessor (21 bytes)
Event: 61.970 Thread 0x00007fcb75830800 nmethod 3231 0x000000010bcfbc50 code [0x000000010bcfbdc0, 0x000000010bcfc188]

GC Heap History (10 events):
Event: 38.897 GC heap before
{Heap before GC invocations=5 (full 1):
 PSYoungGen      total 38400K, used 33190K [0x0000000795580000, 0x0000000798000000, 0x00000007c0000000)
  eden space 33280K, 99% used [0x0000000795580000,0x00000007975e9b90,0x0000000797600000)
  from space 5120K, 0% used [0x0000000797600000,0x0000000797600000,0x0000000797b00000)
  to   space 5120K, 0% used [0x0000000797b00000,0x0000000797b00000,0x0000000798000000)
 ParOldGen       total 40960K, used 6076K [0x0000000740000000, 0x0000000742800000, 0x0000000795580000)
  object space 40960K, 14% used [0x0000000740000000,0x00000007405ef3c0,0x0000000742800000)
 Metaspace       used 21699K, capacity 22753K, committed 23040K, reserved 1069056K
  class space    used 2976K, capacity 3213K, committed 3328K, reserved 1048576K
Event: 38.903 GC heap after
Heap after GC invocations=5 (full 1):
 PSYoungGen      total 38400K, used 5111K [0x0000000795580000, 0x0000000798000000, 0x00000007c0000000)
  eden space 33280K, 0% used [0x0000000795580000,0x0000000795580000,0x0000000797600000)
  from space 5120K, 99% used [0x0000000797b00000,0x0000000797ffddb0,0x0000000798000000)
  to   space 5120K, 0% used [0x0000000797600000,0x0000000797600000,0x0000000797b00000)
 ParOldGen       total 40960K, used 16192K [0x0000000740000000, 0x0000000742800000, 0x0000000795580000)
  object space 40960K, 39% used [0x0000000740000000,0x0000000740fd0260,0x0000000742800000)
 Metaspace       used 21699K, capacity 22753K, committed 23040K, reserved 1069056K
  class space    used 2976K, capacity 3213K, committed 3328K, reserved 1048576K
}
Event: 43.132 GC heap before
{Heap before GC invocations=6 (full 2):
 PSYoungGen      total 38400K, used 38391K [0x0000000795580000, 0x0000000798000000, 0x00000007c0000000)
  eden space 33280K, 100% used [0x0000000795580000,0x0000000797600000,0x0000000797600000)
  from space 5120K, 99% used [0x0000000797b00000,0x0000000797ffddb0,0x0000000798000000)
  to   space 5120K, 0% used [0x0000000797600000,0x0000000797600000,0x0000000797b00000)
 ParOldGen       total 40960K, used 32396K [0x0000000740000000, 0x0000000742800000, 0x0000000795580000)
  object space 40960K, 79% used [0x0000000740000000,0x0000000741fa3148,0x0000000742800000)
 Metaspace       used 21815K, capacity 22897K, committed 23040K, reserved 1069056K
  class space    used 2976K, capacity 3213K, committed 3328K, reserved 1048576K
Event: 43.209 GC heap after
Heap after GC invocations=6 (full 2):
 PSYoungGen      total 38400K, used 9474K [0x0000000795580000, 0x0000000798000000, 0x00000007c0000000)
  eden space 33280K, 28% used [0x0000000795580000,0x0000000795ec0a90,0x0000000797600000)
  from space 5120K, 0% used [0x0000000797b00000,0x0000000797b00000,0x0000000798000000)
  to   space 5120K, 0% used [0x0000000797600000,0x0000000797600000,0x0000000797b00000)
 ParOldGen       total 104448K, used 40520K [0x0000000740000000, 0x0000000746600000, 0x0000000795580000)
  object space 104448K, 38% used [0x0000000740000000,0x0000000742792360,0x0000000746600000)
 Metaspace       used 21815K, capacity 22897K, committed 23040K, reserved 1069056K
  class space    used 2976K, capacity 3213K, committed 3328K, reserved 1048576K
}
Event: 43.432 GC heap before
{Heap before GC invocations=7 (full 2):
 PSYoungGen      total 38400K, used 32744K [0x0000000795580000, 0x0000000798000000, 0x00000007c0000000)
  eden space 33280K, 98% used [0x0000000795580000,0x000000079757a070,0x0000000797600000)
  from space 5120K, 0% used [0x0000000797b00000,0x0000000797b00000,0x0000000798000000)
  to   space 5120K, 0% used [0x0000000797600000,0x0000000797600000,0x0000000797b00000)
 ParOldGen       total 104448K, used 40520K [0x0000000740000000, 0x0000000746600000, 0x0000000795580000)
  object space 104448K, 38% used [0x0000000740000000,0x0000000742792360,0x0000000746600000)
 Metaspace       used 22195K, capacity 23227K, committed 23552K, reserved 1069056K
  class space    used 2999K, capacity 3214K, committed 3328K, reserved 1048576K
Event: 43.443 GC heap after
Heap after GC invocations=7 (full 2):
 PSYoungGen      total 38400K, used 5106K [0x0000000795580000, 0x000000079aa80000, 0x00000007c0000000)
  eden space 33280K, 0% used [0x0000000795580000,0x0000000795580000,0x0000000797600000)
  from space 5120K, 99% used [0x0000000797600000,0x0000000797afc810,0x0000000797b00000)
  to   space 20992K, 0% used [0x0000000799600000,0x0000000799600000,0x000000079aa80000)
 ParOldGen       total 104448K, used 54318K [0x0000000740000000, 0x0000000746600000, 0x0000000795580000)
  object space 104448K, 52% used [0x0000000740000000,0x000000074350bae8,0x0000000746600000)
 Metaspace       used 22195K, capacity 23227K, committed 23552K, reserved 1069056K
  class space    used 2999K, capacity 3214K, committed 3328K, reserved 1048576K
}
Event: 43.610 GC heap before
{Heap before GC invocations=8 (full 2):
 PSYoungGen      total 38400K, used 36437K [0x0000000795580000, 0x000000079aa80000, 0x00000007c0000000)
  eden space 33280K, 94% used [0x0000000795580000,0x0000000797418ea0,0x0000000797600000)
  from space 5120K, 99% used [0x0000000797600000,0x0000000797afc810,0x0000000797b00000)
  to   space 20992K, 0% used [0x0000000799600000,0x0000000799600000,0x000000079aa80000)
 ParOldGen       total 104448K, used 57018K [0x0000000740000000, 0x0000000746600000, 0x0000000795580000)
  object space 104448K, 54% used [0x0000000740000000,0x00000007437aeaf8,0x0000000746600000)
 Metaspace       used 22227K, capacity 23291K, committed 23552K, reserved 1069056K
  class space    used 2999K, capacity 3214K, committed 3328K, reserved 1048576K
Event: 43.624 GC heap after
Heap after GC invocations=8 (full 2):
 PSYoungGen      total 62464K, used 19477K [0x0000000795580000, 0x000000079be00000, 0x00000007c0000000)
  eden space 41472K, 0% used [0x0000000795580000,0x0000000795580000,0x0000000797e00000)
  from space 20992K, 92% used [0x0000000799600000,0x000000079a9055f0,0x000000079aa80000)
  to   space 24576K, 0% used [0x0000000797e00000,0x0000000797e00000,0x0000000799600000)
 ParOldGen       total 104448K, used 66150K [0x0000000740000000, 0x0000000746600000, 0x0000000795580000)
  object space 104448K, 63% used [0x0000000740000000,0x0000000744099b18,0x0000000746600000)
 Metaspace       used 22227K, capacity 23291K, committed 23552K, reserved 1069056K
  class space    used 2999K, capacity 3214K, committed 3328K, reserved 1048576K
}
Event: 53.384 GC heap before
{Heap before GC invocations=9 (full 2):
 PSYoungGen      total 62464K, used 60949K [0x0000000795580000, 0x000000079be00000, 0x00000007c0000000)
  eden space 41472K, 100% used [0x0000000795580000,0x0000000797e00000,0x0000000797e00000)
  from space 20992K, 92% used [0x0000000799600000,0x000000079a9055f0,0x000000079aa80000)
  to   space 24576K, 0% used [0x0000000797e00000,0x0000000797e00000,0x0000000799600000)
 ParOldGen       total 104448K, used 68441K [0x0000000740000000, 0x0000000746600000, 0x0000000795580000)
  object space 104448K, 65% used [0x0000000740000000,0x00000007442d6630,0x0000000746600000)
 Metaspace       used 24544K, capacity 25655K, committed 25856K, reserved 1071104K
  class space    used 3291K, capacity 3523K, committed 3584K, reserved 1048576K
Event: 53.403 GC heap after
Heap after GC invocations=9 (full 2):
 PSYoungGen      total 66048K, used 24571K [0x0000000795580000, 0x000000079e180000, 0x00000007c0000000)
  eden space 41472K, 0% used [0x0000000795580000,0x0000000795580000,0x0000000797e00000)
  from space 24576K, 99% used [0x0000000797e00000,0x00000007995fece0,0x0000000799600000)
  to   space 36864K, 0% used [0x000000079bd80000,0x000000079bd80000,0x000000079e180000)
 ParOldGen       total 104448K, used 82817K [0x0000000740000000, 0x0000000746600000, 0x0000000795580000)
  object space 104448K, 79% used [0x0000000740000000,0x00000007450e07e0,0x0000000746600000)
 Metaspace       used 24544K, capacity 25655K, committed 25856K, reserved 1071104K
  class space    used 3291K, capacity 3523K, committed 3584K, reserved 1048576K
}

Deoptimization events (10 events):
Event: 43.282 Thread 0x00007fcb76912000 Uncommon trap: reason=array_check action=maybe_recompile pc=0x000000010baf3cf8 method=com.sun.javafx.css.SimpleSelector.applies(Ljavafx/css/Styleable;[Ljava/util/Set;I)Z @ 37
Event: 46.397 Thread 0x00007fcb76912000 Uncommon trap: reason=bimorphic action=maybe_recompile pc=0x000000010b7ea2e8 method=java.util.HashMap.putVal(ILjava/lang/Object;Ljava/lang/Object;ZZ)Ljava/lang/Object; @ 203
Event: 46.398 Thread 0x00007fcb76912000 Uncommon trap: reason=class_check action=maybe_recompile pc=0x000000010b7ea288 method=java.util.HashMap.putVal(ILjava/lang/Object;Ljava/lang/Object;ZZ)Ljava/lang/Object; @ 253
Event: 46.399 Thread 0x00007fcb76912000 Uncommon trap: reason=bimorphic action=maybe_recompile pc=0x000000010b7ea2e8 method=java.util.HashMap.putVal(ILjava/lang/Object;Ljava/lang/Object;ZZ)Ljava/lang/Object; @ 203
Event: 46.528 Thread 0x00007fcb76912000 Uncommon trap: reason=unstable_if action=reinterpret pc=0x000000010b9ae85c method=java.lang.Math.round(D)J @ 48
Event: 61.955 Thread 0x00007fcb76912000 Uncommon trap: reason=unstable_if action=reinterpret pc=0x000000010b762fdc method=com.sun.javafx.application.PlatformImpl.checkIdle()V @ 40
Event: 61.967 Thread 0x00007fcb76912000 Uncommon trap: reason=unstable_if action=reinterpret pc=0x000000010bb857f8 method=com.sun.javafx.application.PlatformImpl.checkIdle()V @ 40
Event: 61.968 Thread 0x00007fcb76912000 Uncommon trap: reason=unstable_if action=reinterpret pc=0x000000010b5c6b48 method=com.sun.javafx.application.PlatformImpl.checkIdle()V @ 40
Event: 61.971 Thread 0x00007fcb76912000 Uncommon trap: reason=unstable_if action=reinterpret pc=0x000000010b5ecc24 method=java.util.concurrent.locks.ReentrantLock$Sync.tryRelease(I)Z @ 28
Event: 61.971 Thread 0x00007fcb762b9800 Uncommon trap: reason=unstable_if action=reinterpret pc=0x000000010b5c5e74 method=java.security.AccessControlContext.optimize()Ljava/security/AccessControlContext; @ 49

Internal exceptions (10 events):
Event: 38.618 Thread 0x00007fcb769d9000 Implicit null exception at 0x000000010b719073 to 0x000000010b719425
Event: 38.618 Thread 0x00007fcb769d9000 Implicit null exception at 0x000000010b6013f3 to 0x000000010b6017a5
Event: 38.628 Thread 0x00007fcb769d9000 Implicit null exception at 0x000000010b811375 to 0x000000010b811769
Event: 46.362 Thread 0x00007fcb76912000 Exception <a 'java/lang/ArrayIndexOutOfBoundsException'> (0x0000000796e9eb98) thrown at [/Users/java_re/workspace/8-2-build-macosx-x86_64/jdk8u51/3951/hotspot/src/share/vm/runtime/sharedRuntime.cpp, line 605]
Event: 46.363 Thread 0x00007fcb76912000 Exception <a 'java/lang/ArrayIndexOutOfBoundsException'> (0x0000000796ea1210) thrown at [/Users/java_re/workspace/8-2-build-macosx-x86_64/jdk8u51/3951/hotspot/src/share/vm/runtime/sharedRuntime.cpp, line 605]
Event: 46.363 Thread 0x00007fcb76912000 Exception <a 'java/lang/ArrayIndexOutOfBoundsException'> (0x0000000796ea3198) thrown at [/Users/java_re/workspace/8-2-build-macosx-x86_64/jdk8u51/3951/hotspot/src/share/vm/runtime/sharedRuntime.cpp, line 605]
Event: 46.365 Thread 0x00007fcb76912000 Exception <a 'java/lang/ArrayIndexOutOfBoundsException'> (0x0000000796ec6498) thrown at [/Users/java_re/workspace/8-2-build-macosx-x86_64/jdk8u51/3951/hotspot/src/share/vm/runtime/sharedRuntime.cpp, line 605]
Event: 46.388 Thread 0x00007fcb76912000 Exception <a 'java/lang/ArrayIndexOutOfBoundsException'> (0x00000007970201f0) thrown at [/Users/java_re/workspace/8-2-build-macosx-x86_64/jdk8u51/3951/hotspot/src/share/vm/runtime/sharedRuntime.cpp, line 605]
Event: 46.392 Thread 0x00007fcb76912000 Exception <a 'java/lang/ArrayIndexOutOfBoundsException'> (0x0000000797041788) thrown at [/Users/java_re/workspace/8-2-build-macosx-x86_64/jdk8u51/3951/hotspot/src/share/vm/runtime/sharedRuntime.cpp, line 605]
Event: 61.971 Thread 0x00007fcb762b9800 Implicit null exception at 0x000000010b5c5c5c to 0x000000010b5c5e5d

Events (10 events):
Event: 61.971 loading class com/sun/javafx/tk/quantum/QuantumToolkit
Event: 61.971 loading class com/sun/javafx/tk/quantum/QuantumToolkit done
Event: 61.971 Thread 0x00007fcb758c1800 Thread exited: 0x00007fcb758c1800
Event: 61.971 Thread 0x00007fcb76945800 Thread exited: 0x00007fcb76945800
Event: 61.971 Thread 0x00007fcb7500a800 Thread exited: 0x00007fcb7500a800
Event: 61.971 Thread 0x00007fcb762b9800 Thread added: 0x00007fcb762b9800
Event: 61.971 Thread 0x00007fcb76912000 Thread exited: 0x00007fcb76912000
Event: 61.971 Thread 0x00007fcb762b9800 Uncommon trap: trap_request=0xffffff65 fr.pc=0x000000010b5c5e74
Event: 61.971 Thread 0x00007fcb762b9800 DEOPT PACKING pc=0x000000010b5c5e74 sp=0x0000700002a17770
Event: 61.971 Thread 0x00007fcb762b9800 DEOPT UNPACKING pc=0x000000010b3f5229 sp=0x0000700002a176c0 mode 2


Dynamic libraries:
0x000000000af3b000 	/System/Library/Frameworks/Cocoa.framework/Versions/A/Cocoa
0x000000000af3b000 	/System/Library/Frameworks/Security.framework/Versions/A/Security
0x000000000af3b000 	/System/Library/Frameworks/ApplicationServices.framework/Versions/A/ApplicationServices
0x000000000af3b000 	/usr/lib/libz.1.dylib
0x000000000af3b000 	/usr/lib/libSystem.B.dylib
0x000000000af3b000 	/usr/lib/libobjc.A.dylib
0x000000000af3b000 	/System/Library/Frameworks/CoreFoundation.framework/Versions/A/CoreFoundation
0x000000000af3b000 	/System/Library/Frameworks/Foundation.framework/Versions/C/Foundation
0x000000000af3b000 	/System/Library/Frameworks/AppKit.framework/Versions/C/AppKit
0x000000000af3b000 	/System/Library/Frameworks/CoreData.framework/Versions/A/CoreData
0x000000000af3b000 	/System/Library/PrivateFrameworks/RemoteViewServices.framework/Versions/A/RemoteViewServices
0x000000000af3b000 	/System/Library/PrivateFrameworks/UIFoundation.framework/Versions/A/UIFoundation
0x000000000af3b000 	/System/Library/PrivateFrameworks/DFRFoundation.framework/Versions/A/DFRFoundation
0x000000000af3b000 	/usr/lib/libenergytrace.dylib
0x000000000af3b000 	/System/Library/PrivateFrameworks/SkyLight.framework/Versions/A/SkyLight
0x000000000af3b000 	/System/Library/Frameworks/CoreGraphics.framework/Versions/A/CoreGraphics
0x000000000af3b000 	/usr/lib/libScreenReader.dylib
0x000000000af3b000 	/System/Library/Frameworks/Accelerate.framework/Versions/A/Accelerate
0x000000000af3b000 	/System/Library/Frameworks/IOSurface.framework/Versions/A/IOSurface
0x000000000af3b000 	/System/Library/Frameworks/AudioToolbox.framework/Versions/A/AudioToolbox
0x000000000af3b000 	/System/Library/Frameworks/AudioUnit.framework/Versions/A/AudioUnit
0x000000000af3b000 	/System/Library/PrivateFrameworks/DataDetectorsCore.framework/Versions/A/DataDetectorsCore
0x000000000af3b000 	/System/Library/PrivateFrameworks/DesktopServicesPriv.framework/Versions/A/DesktopServicesPriv
0x000000000af3b000 	/System/Library/Frameworks/Carbon.framework/Versions/A/Frameworks/HIToolbox.framework/Versions/A/HIToolbox
0x000000000af3b000 	/usr/lib/libicucore.A.dylib
0x000000000af3b000 	/System/Library/Frameworks/QuartzCore.framework/Versions/A/QuartzCore
0x000000000af3b000 	/System/Library/Frameworks/Carbon.framework/Versions/A/Frameworks/SpeechRecognition.framework/Versions/A/SpeechRecognition
0x000000000af3b000 	/usr/lib/libauto.dylib
0x000000000af3b000 	/usr/lib/libxml2.2.dylib
0x000000000af3b000 	/System/Library/PrivateFrameworks/CoreUI.framework/Versions/A/CoreUI
0x000000000af3b000 	/System/Library/Frameworks/CoreAudio.framework/Versions/A/CoreAudio
0x000000000af3b000 	/System/Library/Frameworks/DiskArbitration.framework/Versions/A/DiskArbitration
0x000000000af3b000 	/usr/lib/liblangid.dylib
0x000000000af3b000 	/System/Library/PrivateFrameworks/MultitouchSupport.framework/Versions/A/MultitouchSupport
0x000000000af3b000 	/System/Library/Frameworks/IOKit.framework/Versions/A/IOKit
0x000000000af3b000 	/usr/lib/libDiagnosticMessagesClient.dylib
0x000000000af3b000 	/System/Library/Frameworks/CoreServices.framework/Versions/A/CoreServices
0x000000000af3b000 	/System/Library/PrivateFrameworks/PerformanceAnalysis.framework/Versions/A/PerformanceAnalysis
0x000000000af3b000 	/System/Library/PrivateFrameworks/GenerationalStorage.framework/Versions/A/GenerationalStorage
0x000000000af3b000 	/System/Library/Frameworks/OpenGL.framework/Versions/A/OpenGL
0x000000000af3b000 	/System/Library/Frameworks/CoreImage.framework/Versions/A/CoreImage
0x000000000af3b000 	/System/Library/Frameworks/CoreText.framework/Versions/A/CoreText
0x000000000af3b000 	/System/Library/Frameworks/ImageIO.framework/Versions/A/ImageIO
0x000000000af3b000 	/System/Library/PrivateFrameworks/Backup.framework/Versions/A/Backup
0x000000000af3b000 	/usr/lib/libarchive.2.dylib
0x000000000af3b000 	/System/Library/Frameworks/CFNetwork.framework/Versions/A/CFNetwork
0x000000000af3b000 	/System/Library/Frameworks/SystemConfiguration.framework/Versions/A/SystemConfiguration
0x000000000af3b000 	/usr/lib/libCRFSuite.dylib
0x000000000af3b000 	/usr/lib/libc++.1.dylib
0x000000000af3b000 	/usr/lib/libc++abi.dylib
0x000000000af3b000 	/usr/lib/system/libcache.dylib
0x000000000af3b000 	/usr/lib/system/libcommonCrypto.dylib
0x000000000af3b000 	/usr/lib/system/libcompiler_rt.dylib
0x000000000af3b000 	/usr/lib/system/libcopyfile.dylib
0x000000000af3b000 	/usr/lib/system/libcorecrypto.dylib
0x000000000af3b000 	/usr/lib/system/libdispatch.dylib
0x000000000af3b000 	/usr/lib/system/libdyld.dylib
0x000000000af3b000 	/usr/lib/system/libkeymgr.dylib
0x000000000af3b000 	/usr/lib/system/liblaunch.dylib
0x000000000af3b000 	/usr/lib/system/libmacho.dylib
0x000000000af3b000 	/usr/lib/system/libquarantine.dylib
0x000000000af3b000 	/usr/lib/system/libremovefile.dylib
0x000000000af3b000 	/usr/lib/system/libsystem_asl.dylib
0x000000000af3b000 	/usr/lib/system/libsystem_blocks.dylib
0x000000000af3b000 	/usr/lib/system/libsystem_c.dylib
0x000000000af3b000 	/usr/lib/system/libsystem_configuration.dylib
0x000000000af3b000 	/usr/lib/system/libsystem_coreservices.dylib
0x000000000af3b000 	/usr/lib/system/libsystem_coretls.dylib
0x000000000af3b000 	/usr/lib/system/libsystem_dnssd.dylib
0x000000000af3b000 	/usr/lib/system/libsystem_info.dylib
0x000000000af3b000 	/usr/lib/system/libsystem_kernel.dylib
0x000000000af3b000 	/usr/lib/system/libsystem_m.dylib
0x000000000af3b000 	/usr/lib/system/libsystem_malloc.dylib
0x000000000af3b000 	/usr/lib/system/libsystem_network.dylib
0x000000000af3b000 	/usr/lib/system/libsystem_networkextension.dylib
0x000000000af3b000 	/usr/lib/system/libsystem_notify.dylib
0x000000000af3b000 	/usr/lib/system/libsystem_platform.dylib
0x000000000af3b000 	/usr/lib/system/libsystem_pthread.dylib
0x000000000af3b000 	/usr/lib/system/libsystem_sandbox.dylib
0x000000000af3b000 	/usr/lib/system/libsystem_secinit.dylib
0x000000000af3b000 	/usr/lib/system/libsystem_symptoms.dylib
0x000000000af3b000 	/usr/lib/system/libsystem_trace.dylib
0x000000000af3b000 	/usr/lib/system/libunwind.dylib
0x000000000af3b000 	/usr/lib/system/libxpc.dylib
0x000000000af3b000 	/usr/lib/libbsm.0.dylib
0x000000000af3b000 	/usr/lib/system/libkxld.dylib
0x000000000af3b000 	/usr/lib/libcoretls.dylib
0x000000000af3b000 	/usr/lib/libcoretls_cfhelpers.dylib
0x000000000af3b000 	/usr/lib/libOpenScriptingUtil.dylib
0x000000000af3b000 	/usr/lib/libpam.2.dylib
0x000000000af3b000 	/usr/lib/libsqlite3.dylib
0x000000000af3b000 	/usr/lib/libxar.1.dylib
0x000000000af3b000 	/usr/lib/libbz2.1.0.dylib
0x000000000af3b000 	/usr/lib/liblzma.5.dylib
0x000000000af3b000 	/usr/lib/libnetwork.dylib
0x000000000af3b000 	/usr/lib/libpcap.A.dylib
0x000000000af3b000 	/System/Library/Frameworks/CoreServices.framework/Versions/A/Frameworks/FSEvents.framework/Versions/A/FSEvents
0x000000000af3b000 	/System/Library/Frameworks/CoreServices.framework/Versions/A/Frameworks/CarbonCore.framework/Versions/A/CarbonCore
0x000000000af3b000 	/System/Library/Frameworks/CoreServices.framework/Versions/A/Frameworks/Metadata.framework/Versions/A/Metadata
0x000000000af3b000 	/System/Library/Frameworks/CoreServices.framework/Versions/A/Frameworks/OSServices.framework/Versions/A/OSServices
0x000000000af3b000 	/System/Library/Frameworks/CoreServices.framework/Versions/A/Frameworks/SearchKit.framework/Versions/A/SearchKit
0x000000000af3b000 	/System/Library/Frameworks/CoreServices.framework/Versions/A/Frameworks/AE.framework/Versions/A/AE
0x000000000af3b000 	/System/Library/Frameworks/CoreServices.framework/Versions/A/Frameworks/LaunchServices.framework/Versions/A/LaunchServices
0x000000000af3b000 	/System/Library/Frameworks/CoreServices.framework/Versions/A/Frameworks/DictionaryServices.framework/Versions/A/DictionaryServices
0x000000000af3b000 	/System/Library/Frameworks/CoreServices.framework/Versions/A/Frameworks/SharedFileList.framework/Versions/A/SharedFileList
0x000000000af3b000 	/System/Library/Frameworks/NetFS.framework/Versions/A/NetFS
0x000000000af3b000 	/System/Library/PrivateFrameworks/NetAuth.framework/Versions/A/NetAuth
0x000000000af3b000 	/System/Library/PrivateFrameworks/login.framework/Versions/A/Frameworks/loginsupport.framework/Versions/A/loginsupport
0x000000000af3b000 	/System/Library/PrivateFrameworks/TCC.framework/Versions/A/TCC
0x000000000af3b000 	/usr/lib/libmecabra.dylib
0x000000000af3b000 	/System/Library/Frameworks/ApplicationServices.framework/Versions/A/Frameworks/ATS.framework/Versions/A/ATS
0x000000000af3b000 	/System/Library/Frameworks/ApplicationServices.framework/Versions/A/Frameworks/ColorSync.framework/Versions/A/ColorSync
0x000000000af3b000 	/System/Library/Frameworks/ApplicationServices.framework/Versions/A/Frameworks/HIServices.framework/Versions/A/HIServices
0x000000000af3b000 	/System/Library/Frameworks/ApplicationServices.framework/Versions/A/Frameworks/LangAnalysis.framework/Versions/A/LangAnalysis
0x000000000af3b000 	/System/Library/Frameworks/ApplicationServices.framework/Versions/A/Frameworks/PrintCore.framework/Versions/A/PrintCore
0x000000000af3b000 	/System/Library/Frameworks/ApplicationServices.framework/Versions/A/Frameworks/QD.framework/Versions/A/QD
0x000000000af3b000 	/System/Library/Frameworks/ApplicationServices.framework/Versions/A/Frameworks/SpeechSynthesis.framework/Versions/A/SpeechSynthesis
0x000000000af3b000 	/System/Library/Frameworks/Accelerate.framework/Versions/A/Frameworks/vImage.framework/Versions/A/vImage
0x000000000af3b000 	/System/Library/Frameworks/Accelerate.framework/Versions/A/Frameworks/vecLib.framework/Versions/A/vecLib
0x000000000af3b000 	/System/Library/Frameworks/Accelerate.framework/Versions/A/Frameworks/vecLib.framework/Versions/A/libvDSP.dylib
0x000000000af3b000 	/System/Library/Frameworks/Accelerate.framework/Versions/A/Frameworks/vecLib.framework/Versions/A/libBNNS.dylib
0x000000000af3b000 	/System/Library/Frameworks/Accelerate.framework/Versions/A/Frameworks/vecLib.framework/Versions/A/libQuadrature.dylib
0x000000000af3b000 	/System/Library/Frameworks/Accelerate.framework/Versions/A/Frameworks/vecLib.framework/Versions/A/libvMisc.dylib
0x000000000af3b000 	/System/Library/Frameworks/Accelerate.framework/Versions/A/Frameworks/vecLib.framework/Versions/A/libLAPACK.dylib
0x000000000af3b000 	/System/Library/Frameworks/Accelerate.framework/Versions/A/Frameworks/vecLib.framework/Versions/A/libBLAS.dylib
0x000000000af3b000 	/System/Library/Frameworks/Accelerate.framework/Versions/A/Frameworks/vecLib.framework/Versions/A/libLinearAlgebra.dylib
0x000000000af3b000 	/System/Library/Frameworks/Accelerate.framework/Versions/A/Frameworks/vecLib.framework/Versions/A/libSparseBLAS.dylib
0x000000000af3b000 	/System/Library/Frameworks/ApplicationServices.framework/Versions/A/Frameworks/ATS.framework/Versions/A/Resources/libFontParser.dylib
0x000000000af3b000 	/System/Library/Frameworks/ApplicationServices.framework/Versions/A/Frameworks/ATS.framework/Versions/A/Resources/libFontRegistry.dylib
0x000000000af3b000 	/System/Library/Frameworks/ImageIO.framework/Versions/A/Resources/libJPEG.dylib
0x000000000af3b000 	/System/Library/Frameworks/ImageIO.framework/Versions/A/Resources/libTIFF.dylib
0x000000000af3b000 	/System/Library/Frameworks/ImageIO.framework/Versions/A/Resources/libPng.dylib
0x000000000af3b000 	/System/Library/Frameworks/ImageIO.framework/Versions/A/Resources/libGIF.dylib
0x000000000af3b000 	/System/Library/Frameworks/ImageIO.framework/Versions/A/Resources/libJP2.dylib
0x000000000af3b000 	/System/Library/Frameworks/ImageIO.framework/Versions/A/Resources/libRadiance.dylib
0x000000000af3b000 	/usr/lib/libcompression.dylib
0x000000000af3b000 	/System/Library/PrivateFrameworks/AppleJPEG.framework/Versions/A/AppleJPEG
0x000000000af3b000 	/usr/lib/libcups.2.dylib
0x000000000af3b000 	/System/Library/Frameworks/Kerberos.framework/Versions/A/Kerberos
0x000000000af3b000 	/System/Library/Frameworks/GSS.framework/Versions/A/GSS
0x000000000af3b000 	/usr/lib/libresolv.9.dylib
0x000000000af3b000 	/usr/lib/libiconv.2.dylib
0x000000000af3b000 	/System/Library/PrivateFrameworks/Heimdal.framework/Versions/A/Heimdal
0x000000000af3b000 	/usr/lib/libheimdal-asn1.dylib
0x000000000af3b000 	/System/Library/Frameworks/OpenDirectory.framework/Versions/A/OpenDirectory
0x000000000af3b000 	/System/Library/PrivateFrameworks/CommonAuth.framework/Versions/A/CommonAuth
0x000000000af3b000 	/System/Library/Frameworks/OpenDirectory.framework/Versions/A/Frameworks/CFOpenDirectory.framework/Versions/A/CFOpenDirectory
0x000000000af3b000 	/System/Library/Frameworks/SecurityFoundation.framework/Versions/A/SecurityFoundation
0x000000000af3b000 	/System/Library/PrivateFrameworks/LanguageModeling.framework/Versions/A/LanguageModeling
0x000000000af3b000 	/usr/lib/libmarisa.dylib
0x000000000af3b000 	/usr/lib/libChineseTokenizer.dylib
0x000000000af3b000 	/usr/lib/libcmph.dylib
0x000000000af3b000 	/System/Library/PrivateFrameworks/CoreEmoji.framework/Versions/A/CoreEmoji
0x000000000af3b000 	/System/Library/Frameworks/ServiceManagement.framework/Versions/A/ServiceManagement
0x000000000af3b000 	/usr/lib/libxslt.1.dylib
0x000000000af3b000 	/System/Library/Frameworks/Carbon.framework/Versions/A/Frameworks/Ink.framework/Versions/A/Ink
0x000000000af3b000 	/System/Library/PrivateFrameworks/TextureIO.framework/Versions/A/TextureIO
0x000000000af3b000 	/System/Library/Frameworks/Metal.framework/Versions/A/Metal
0x000000000af3b000 	/usr/lib/libate.dylib
0x000000000af3b000 	/System/Library/PrivateFrameworks/GPUCompiler.framework/libmetal_timestamp.dylib
0x000000000af3b000 	/System/Library/Frameworks/OpenGL.framework/Versions/A/Libraries/libCoreFSCache.dylib
0x000000000af3b000 	/System/Library/PrivateFrameworks/IOAccelerator.framework/Versions/A/IOAccelerator
0x000000000af3b000 	/System/Library/Frameworks/CoreVideo.framework/Versions/A/CoreVideo
0x000000000af3b000 	/usr/lib/libFosl_dynamic.dylib
0x000000000af3b000 	/System/Library/PrivateFrameworks/MetalPerformanceShaders.framework/Versions/A/MetalPerformanceShaders
0x000000000af3b000 	/System/Library/PrivateFrameworks/FaceCore.framework/Versions/A/FaceCore
0x000000000af3b000 	/System/Library/Frameworks/OpenCL.framework/Versions/A/OpenCL
0x000000000af3b000 	/System/Library/Frameworks/OpenGL.framework/Versions/A/Libraries/libGLU.dylib
0x000000000af3b000 	/System/Library/Frameworks/OpenGL.framework/Versions/A/Libraries/libGFXShared.dylib
0x000000000af3b000 	/System/Library/Frameworks/OpenGL.framework/Versions/A/Libraries/libGL.dylib
0x000000000af3b000 	/System/Library/Frameworks/OpenGL.framework/Versions/A/Libraries/libGLImage.dylib
0x000000000af3b000 	/System/Library/Frameworks/OpenGL.framework/Versions/A/Libraries/libCVMSPluginSupport.dylib
0x000000000af3b000 	/System/Library/Frameworks/OpenGL.framework/Versions/A/Libraries/libCoreVMClient.dylib
0x000000000af3b000 	/System/Library/PrivateFrameworks/CrashReporterSupport.framework/Versions/A/CrashReporterSupport
0x000000000af3b000 	/System/Library/PrivateFrameworks/Sharing.framework/Versions/A/Sharing
0x000000000af3b000 	/System/Library/PrivateFrameworks/IconServices.framework/Versions/A/IconServices
0x000000000af3b000 	/System/Library/PrivateFrameworks/ProtocolBuffer.framework/Versions/A/ProtocolBuffer
0x000000000af3b000 	/System/Library/PrivateFrameworks/Apple80211.framework/Versions/A/Apple80211
0x000000000af3b000 	/System/Library/Frameworks/CoreWLAN.framework/Versions/A/CoreWLAN
0x000000000af3b000 	/System/Library/PrivateFrameworks/CoreUtils.framework/Versions/A/CoreUtils
0x000000000af3b000 	/System/Library/Frameworks/IOBluetooth.framework/Versions/A/IOBluetooth
0x000000000af3b000 	/System/Library/PrivateFrameworks/CoreWiFi.framework/Versions/A/CoreWiFi
0x000000000af3b000 	/System/Library/Frameworks/CoreBluetooth.framework/Versions/A/CoreBluetooth
0x000000000af3b000 	/System/Library/Frameworks/CoreDisplay.framework/Versions/A/CoreDisplay
0x000000000af3b000 	/System/Library/PrivateFrameworks/IOPresentment.framework/Versions/A/IOPresentment
0x000000000af3b000 	/System/Library/PrivateFrameworks/DSExternalDisplay.framework/Versions/A/DSExternalDisplay
0x000000000af3b000 	/System/Library/PrivateFrameworks/DebugSymbols.framework/Versions/A/DebugSymbols
0x000000000af3b000 	/System/Library/PrivateFrameworks/CoreSymbolication.framework/Versions/A/CoreSymbolication
0x000000000af3b000 	/System/Library/PrivateFrameworks/Symbolication.framework/Versions/A/Symbolication
0x000000000af3b000 	/System/Library/PrivateFrameworks/AppleFSCompression.framework/Versions/A/AppleFSCompression
0x000000000af3b000 	/System/Library/PrivateFrameworks/SpeechRecognitionCore.framework/Versions/A/SpeechRecognitionCore
0x000000000af3b000 	/System/Library/PrivateFrameworks/ChunkingLibrary.framework/Versions/A/ChunkingLibrary
0x00000001040ee000 	/Library/Java/JavaVirtualMachines/jdk1.8.0_51.jdk/Contents/Home/jre/lib/server/libjvm.dylib
0x000000000af3b000 	/usr/lib/libstdc++.6.dylib
0x0000000105057000 	/Library/Java/JavaVirtualMachines/jdk1.8.0_51.jdk/Contents/Home/jre/lib/libverify.dylib
0x0000000105065000 	/Library/Java/JavaVirtualMachines/jdk1.8.0_51.jdk/Contents/Home/jre/lib/libjava.dylib
0x000000010509b000 	/Library/Java/JavaVirtualMachines/jdk1.8.0_51.jdk/Contents/Home/jre/lib/libinstrument.dylib
0x00000001050f9000 	/Library/Java/JavaVirtualMachines/jdk1.8.0_51.jdk/Contents/Home/jre/lib/libzip.dylib
0x000000010b342000 	/System/Library/Frameworks/JavaVM.framework/Frameworks/JavaRuntimeSupport.framework/JavaRuntimeSupport
0x000000011b2f0000 	/System/Library/Frameworks/JavaVM.framework/Versions/A/Frameworks/JavaNativeFoundation.framework/Versions/A/JavaNativeFoundation
0x000000011b305000 	/System/Library/Frameworks/JavaVM.framework/Versions/A/JavaVM
0x000000000af3b000 	/System/Library/Frameworks/Carbon.framework/Versions/A/Carbon
0x000000011b312000 	/System/Library/PrivateFrameworks/JavaLaunching.framework/Versions/A/JavaLaunching
0x000000000af3b000 	/System/Library/Frameworks/Carbon.framework/Versions/A/Frameworks/CommonPanels.framework/Versions/A/CommonPanels
0x000000000af3b000 	/System/Library/Frameworks/Carbon.framework/Versions/A/Frameworks/Help.framework/Versions/A/Help
0x000000000af3b000 	/System/Library/Frameworks/Carbon.framework/Versions/A/Frameworks/ImageCapture.framework/Versions/A/ImageCapture
0x000000000af3b000 	/System/Library/Frameworks/Carbon.framework/Versions/A/Frameworks/OpenScripting.framework/Versions/A/OpenScripting
0x000000000af3b000 	/System/Library/Frameworks/Carbon.framework/Versions/A/Frameworks/Print.framework/Versions/A/Print
0x000000000af3b000 	/System/Library/Frameworks/Carbon.framework/Versions/A/Frameworks/SecurityHI.framework/Versions/A/SecurityHI
0x000000011cde3000 	/Library/Java/JavaVirtualMachines/jdk1.8.0_51.jdk/Contents/Home/jre/lib/libnet.dylib
0x000000011ced8000 	/Library/Java/JavaVirtualMachines/jdk1.8.0_51.jdk/Contents/Home/jre/lib/libprism_es2.dylib
0x000000011cf3e000 	/System/Library/Frameworks/OpenGL.framework/Resources/GLEngine.bundle/GLEngine
0x000000000af3b000 	/System/Library/Frameworks/OpenGL.framework/Versions/A/Libraries/libGLProgrammability.dylib
0x000000011d123000 	/System/Library/Extensions/AppleIntelBDWGraphicsGLDriver.bundle/Contents/MacOS/AppleIntelBDWGraphicsGLDriver
0x000000000af3b000 	/System/Library/PrivateFrameworks/GPUSupport.framework/Versions/A/Libraries/libGPUSupportMercury.dylib
0x000000011d890000 	/System/Library/Frameworks/OpenGL.framework/Resources//GLRendererFloat.bundle/GLRendererFloat
0x000000000af3b000 	/System/Library/Frameworks/OpenCL.framework/Versions/A/Libraries/libcldcpuengine.dylib
0x000000000af3b000 	/usr/lib/libcrypto.0.9.8.dylib
0x000000000af3b000 	/System/Library/PrivateFrameworks/TrustEvaluationAgent.framework/Versions/A/TrustEvaluationAgent
0x000000011dcb3000 	/Library/Java/JavaVirtualMachines/jdk1.8.0_51.jdk/Contents/Home/jre/lib/libglass.dylib
0x000000000af3b000 	/System/Library/PrivateFrameworks/CoreServicesInternal.framework/Versions/A/CoreServicesInternal
0x000000000af3b000 	/System/Library/CoreServices/RawCamera.bundle/Contents/MacOS/RawCamera
0x000000000af3b000 	/System/Library/Frameworks/Accelerate.framework/Versions/A/Frameworks/vImage.framework/Versions/A/Libraries/libCGInterfaces.dylib
0x000000000af3b000 	/System/Library/PrivateFrameworks/FamilyControls.framework/Versions/A/FamilyControls
0x000000000af3b000 	/System/Library/PrivateFrameworks/CommerceKit.framework/Versions/A/Frameworks/CommerceCore.framework/Versions/A/CommerceCore
0x000000000af3b000 	/System/Library/PrivateFrameworks/SystemAdministration.framework/Versions/A/SystemAdministration
0x000000000af3b000 	/System/Library/PrivateFrameworks/AppContainer.framework/Versions/A/AppContainer
0x000000000af3b000 	/System/Library/PrivateFrameworks/SecCodeWrapper.framework/Versions/A/SecCodeWrapper
0x000000000af3b000 	/System/Library/Frameworks/DirectoryService.framework/Versions/A/DirectoryService
0x000000000af3b000 	/System/Library/PrivateFrameworks/DiskImages.framework/Versions/A/DiskImages
0x000000000af3b000 	/System/Library/PrivateFrameworks/LoginUIKit.framework/Versions/A/Frameworks/LoginUICore.framework/Versions/A/LoginUICore
0x000000000af3b000 	/usr/lib/libCoreStorage.dylib
0x000000000af3b000 	/usr/lib/libcsfde.dylib
0x000000000af3b000 	/usr/lib/libodfde.dylib
0x000000000af3b000 	/System/Library/Frameworks/DiscRecording.framework/Versions/A/DiscRecording
0x000000000af3b000 	/usr/lib/libcurl.4.dylib
0x000000000af3b000 	/System/Library/PrivateFrameworks/MediaKit.framework/Versions/A/MediaKit
0x000000000af3b000 	/System/Library/PrivateFrameworks/ProtectedCloudStorage.framework/Versions/A/ProtectedCloudStorage
0x000000000af3b000 	/System/Library/PrivateFrameworks/EFILogin.framework/Versions/A/EFILogin
0x000000000af3b000 	/usr/lib/libutil.dylib
0x000000000af3b000 	/System/Library/Frameworks/LDAP.framework/Versions/A/LDAP
0x000000000af3b000 	/usr/lib/libsasl2.2.dylib
0x000000000af3b000 	/System/Library/PrivateFrameworks/CoreDaemon.framework/Versions/B/CoreDaemon
0x000000000af3b000 	/System/Library/PrivateFrameworks/AppleSRP.framework/Versions/A/AppleSRP
0x000000000af3b000 	/System/Library/PrivateFrameworks/APFS.framework/Versions/A/APFS
0x000000000af3b000 	/System/Library/Frameworks/ApplicationServices.framework/Versions/A/Frameworks/ATS.framework/Versions/A/Resources/libTrueTypeScaler.dylib
0x0000000121cbf000 	/System/Library/Extensions/AppleIntelBDWGraphicsMTLDriver.bundle/Contents/MacOS/AppleIntelBDWGraphicsMTLDriver
0x0000000121ca7000 	/Library/Java/JavaVirtualMachines/jdk1.8.0_51.jdk/Contents/Home/jre/lib/libjavafx_font.dylib
0x0000000121e67000 	/Library/Java/JavaVirtualMachines/jdk1.8.0_51.jdk/Contents/Home/jre/lib/libnio.dylib
0x000000000af3b000 	/System/Library/PrivateFrameworks/ViewBridge.framework/Versions/A/ViewBridge
0x000000000af3b000 	/System/Library/PrivateFrameworks/XPCService.framework/Versions/A/XPCService
0x000000000af3b000 	/System/Library/PrivateFrameworks/AppSandbox.framework/Versions/A/AppSandbox
0x000000000af3b000 	/usr/lib/libsandbox.1.dylib
0x000000000af3b000 	/usr/lib/libMatch.1.dylib
0x0000000123770000 	/Library/Java/JavaVirtualMachines/jdk1.8.0_51.jdk/Contents/Home/jre/lib/libprism_common.dylib

VM Arguments:
jvm_args: -javaagent:/Applications/IntelliJ IDEA CE.app/Contents/lib/idea_rt.jar=50493:/Applications/IntelliJ IDEA CE.app/Contents/bin -Dfile.encoding=UTF-8 
java_command: com.example.demo.app.DemoCreatorApp
java_class_path (initial): /Library/Java/JavaVirtualMachines/jdk1.8.0_51.jdk/Contents/Home/lib/ant-javafx.jar:/Library/Java/JavaVirtualMachines/jdk1.8.0_51.jdk/Contents/Home/lib/dt.jar:/Library/Java/JavaVirtualMachines/jdk1.8.0_51.jdk/Contents/Home/lib/javafx-mx.jar:/Library/Java/JavaVirtualMachines/jdk1.8.0_51.jdk/Contents/Home/lib/jconsole.jar:/Library/Java/JavaVirtualMachines/jdk1.8.0_51.jdk/Contents/Home/lib/packager.jar:/Library/Java/JavaVirtualMachines/jdk1.8.0_51.jdk/Contents/Home/lib/sa-jdi.jar:/Library/Java/JavaVirtualMachines/jdk1.8.0_51.jdk/Contents/Home/lib/tools.jar:/Library/Java/JavaVirtualMachines/jdk1.8.0_51.jdk/Contents/Home/jre/lib/charsets.jar:/Library/Java/JavaVirtualMachines/jdk1.8.0_51.jdk/Contents/Home/jre/lib/deploy.jar:/Library/Java/JavaVirtualMachines/jdk1.8.0_51.jdk/Contents/Home/jre/lib/javaws.jar:/Library/Java/JavaVirtualMachines/jdk1.8.0_51.jdk/Contents/Home/jre/lib/jce.jar:/Library/Java/JavaVirtualMachines/jdk1.8.0_51.jdk/Contents/Home/jre/lib/jfr.jar:/Library/Java/JavaVirtualMachines/jdk1.8.0_51.jdk/Contents/Home/jre/lib/jfxswt.jar:/Library/Java/JavaVirtualMachines/jdk1.8.0_51.jdk/Contents/Home/jre/lib/jsse.jar:/Library/Java/JavaVirtualMachines/jdk1.8.0_51.jdk/Contents/Home/jre/lib/management-agent.jar:/Library/Java/JavaVirtualMachines/jdk1.8.0_51.jdk/Contents/Home/jre/lib/plugin.jar:/Library/Java/JavaVirtualMachines/jdk1.8.0_51.jdk/Contents/Home/jre/lib/resources.jar:/Library/Java/JavaVirtualMachines/jdk1.8.0_51.jdk/Contents/Home/jre/lib/rt.jar:/Library/Java/JavaVirtualMachines/jdk1.8.0_51.jdk/Contents/Home/jre/lib/ext/cldrdata.jar:/Library/Java/JavaVirtualMachines/jdk1.8.0_51.jdk/Contents/Home/jre/lib/ext/dnsns.jar:/Library/Java/JavaVirtualMachines/jdk1.8.0_51.jdk/Contents/Home/jre/lib/ext/jfxrt.jar:/Library/Java/JavaVirtualMachines/jdk1.8.0_51.jdk/Contents/Home/jre/lib/ext/localedata.jar:/Library/Java/JavaVirtualMachines/jdk1.8.0_51.jdk/Contents/Home/jre/lib/ext/nashorn.jar:/Library/Java/JavaVirtualMachines/jdk1.8.0_51.jdk/Conten
Launcher Type: SUN_STANDARD

Environment Variables:
JAVA_HOME=/Library/Java/JavaVirtualMachines/jdk1.8.0_131.jdk/Contents/Home
PATH=/Library/Frameworks/Python.framework/Versions/2.7/bin:/Library/Frameworks/Python.framework/Versions/3.6/bin:/opt/local/bin:/opt/local/sbin:/usr/local/bin:/usr/bin:/bin:/usr/sbin:/sbin:/opt/local/bin:/opt/local/sbin:/opt/X11/bin:/Library/TeX/texbin:/usr/local/mysql:/usr/local/mysql/bin
SHELL=/bin/bash

Signal Handlers:
SIGSEGV: [libjvm.dylib+0x58ef35], sa_mask[0]=11111111011111110111111111111111, sa_flags=SA_ONSTACK|SA_RESTART|SA_SIGINFO
SIGBUS: [libjvm.dylib+0x58ef35], sa_mask[0]=11111111011111110111111111111111, sa_flags=SA_RESTART|SA_SIGINFO
SIGFPE: [libjvm.dylib+0x46c028], sa_mask[0]=11111111011111110111111111111111, sa_flags=SA_RESTART|SA_SIGINFO
SIGPIPE: [libjvm.dylib+0x46c028], sa_mask[0]=11111111011111110111111111111111, sa_flags=SA_RESTART|SA_SIGINFO
SIGXFSZ: [libjvm.dylib+0x46c028], sa_mask[0]=11111111011111110111111111111111, sa_flags=SA_RESTART|SA_SIGINFO
SIGILL: [libjvm.dylib+0x46c028], sa_mask[0]=11111111011111110111111111111111, sa_flags=SA_RESTART|SA_SIGINFO
SIGUSR1: SIG_DFL, sa_mask[0]=00000000000000000000000000000000, sa_flags=none
SIGUSR2: [libjvm.dylib+0x46bb46], sa_mask[0]=00100000000000000000000000000000, sa_flags=SA_RESTART|SA_SIGINFO
SIGHUP: [libjvm.dylib+0x46a119], sa_mask[0]=11111111011111110111111111111111, sa_flags=SA_RESTART|SA_SIGINFO
SIGINT: [libjvm.dylib+0x46a119], sa_mask[0]=11111111011111110111111111111111, sa_flags=SA_RESTART|SA_SIGINFO
SIGTERM: [libjvm.dylib+0x46a119], sa_mask[0]=11111111011111110111111111111111, sa_flags=SA_RESTART|SA_SIGINFO
SIGQUIT: [libjvm.dylib+0x46a119], sa_mask[0]=11111111011111110111111111111111, sa_flags=SA_RESTART|SA_SIGINFO


---------------  S Y S T E M  ---------------

OS:Bsduname:Darwin 16.6.0 Darwin Kernel Version 16.6.0: Fri Apr 14 16:21:16 PDT 2017; root:xnu-3789.60.24~6/RELEASE_X86_64 x86_64
rlimit: STACK 8192k, CORE 0k, NPROC 709, NOFILE 10240, AS infinity
load average:3.74 3.59 3.22

CPU:total 4 (2 cores per cpu, 2 threads per core) family 6 model 61 stepping 4, cmov, cx8, fxsr, mmx, sse, sse2, sse3, ssse3, sse4.1, sse4.2, popcnt, avx, avx2, aes, clmul, erms, 3dnowpref, lzcnt, ht, tsc, tscinvbit, bmi1, bmi2, adx

Memory: 4k page, physical 8388608k(1157152k free)

/proc/meminfo:


vm_info: Java HotSpot(TM) 64-Bit Server VM (25.51-b03) for bsd-amd64 JRE (1.8.0_51-b16), built on Jun  8 2015 18:01:11 by "java_re" with gcc 4.2.1 (Based on Apple Inc. build 5658) (LLVM build 2336.11.00)

time: Sun Nov 12 10:01:00 2017
elapsed time: 74 seconds (0d 0h 1m 14s)

